# JRE version: OpenJDK Runtime Environment (8.0_152-b01) (build 1.8.0_152-release-1343-b01)
# Java VM: OpenJDK 64-Bit Server VM (25.152-b01 mixed mode windows-amd64 compressed oops)
Heap:
 PSYoungGen      total 108032K, used 26232K [0x00000000e0000000, 0x00000000e9a00000, 0x0000000100000000)
  eden space 95744K, 14% used [0x00000000e0000000,0x00000000e0da2cb8,0x00000000e5d80000)
  from space 12288K, 99% used [0x00000000e5d80000,0x00000000e697b380,0x00000000e6980000)
  to   space 13824K, 0% used [0x00000000e8c80000,0x00000000e8c80000,0x00000000e9a00000)
 ParOldGen       total 185344K, used 17883K [0x00000000a0000000, 0x00000000ab500000, 0x00000000e0000000)
  object space 185344K, 9% used [0x00000000a0000000,0x00000000a1176e10,0x00000000ab500000)
 Metaspace       used 44563K, capacity 45420K, committed 45912K, reserved 1089536K
  class space    used 6015K, capacity 6251K, committed 6272K, reserved 1048576K
GC Heap History (10 events):
Event: 2.806 GC heap before
{Heap before GC invocations=5 (full 1):
 PSYoungGen      total 76288K, used 65536K [0x00000000e0000000, 0x00000000e5500000, 0x0000000100000000)
  eden space 65536K, 100% used [0x00000000e0000000,0x00000000e4000000,0x00000000e4000000)
  from space 10752K, 0% used [0x00000000e4000000,0x00000000e4000000,0x00000000e4a80000)
  to   space 10752K, 0% used [0x00000000e4a80000,0x00000000e4a80000,0x00000000e5500000)
 ParOldGen       total 113152K, used 10508K [0x00000000a0000000, 0x00000000a6e80000, 0x00000000e0000000)
  object space 113152K, 9% used [0x00000000a0000000,0x00000000a0a43370,0x00000000a6e80000)
 Metaspace       used 28287K, capacity 28678K, committed 29056K, reserved 1075200K
  class space    used 3802K, capacity 3950K, committed 3968K, reserved 1048576K
Event: 2.811 GC heap after
Heap after GC invocations=5 (full 1):
 PSYoungGen      total 76288K, used 7665K [0x00000000e0000000, 0x00000000e7080000, 0x0000000100000000)
  eden space 65536K, 0% used [0x00000000e0000000,0x00000000e0000000,0x00000000e4000000)
  from space 10752K, 71% used [0x00000000e4a80000,0x00000000e51fc5e0,0x00000000e5500000)
  to   space 10752K, 0% used [0x00000000e4000000,0x00000000e4000000,0x00000000e4a80000)
 ParOldGen       total 113152K, used 10516K [0x00000000a0000000, 0x00000000a6e80000, 0x00000000e0000000)
  object space 113152K, 9% used [0x00000000a0000000,0x00000000a0a45370,0x00000000a6e80000)
 Metaspace       used 28287K, capacity 28678K, committed 29056K, reserved 1075200K
  class space    used 3802K, capacity 3950K, committed 3968K, reserved 1048576K
}
Event: 3.135 GC heap before
{Heap before GC invocations=6 (full 1):
 PSYoungGen      total 76288K, used 73201K [0x00000000e0000000, 0x00000000e7080000, 0x0000000100000000)
  eden space 65536K, 100% used [0x00000000e0000000,0x00000000e4000000,0x00000000e4000000)
  from space 10752K, 71% used [0x00000000e4a80000,0x00000000e51fc5e0,0x00000000e5500000)
  to   space 10752K, 0% used [0x00000000e4000000,0x00000000e4000000,0x00000000e4a80000)
 ParOldGen       total 113152K, used 10516K [0x00000000a0000000, 0x00000000a6e80000, 0x00000000e0000000)
  object space 113152K, 9% used [0x00000000a0000000,0x00000000a0a45370,0x00000000a6e80000)
 Metaspace       used 31598K, capacity 31990K, committed 32512K, reserved 1077248K
  class space    used 4351K, capacity 4497K, committed 4608K, reserved 1048576K
Event: 3.139 GC heap after
Heap after GC invocations=6 (full 1):
 PSYoungGen      total 76288K, used 8386K [0x00000000e0000000, 0x00000000e7580000, 0x0000000100000000)
  eden space 65536K, 0% used [0x00000000e0000000,0x00000000e0000000,0x00000000e4000000)
  from space 10752K, 78% used [0x00000000e4000000,0x00000000e4830ad8,0x00000000e4a80000)
  to   space 12288K, 0% used [0x00000000e6980000,0x00000000e6980000,0x00000000e7580000)
 ParOldGen       total 113152K, used 10524K [0x00000000a0000000, 0x00000000a6e80000, 0x00000000e0000000)
  object space 113152K, 9% used [0x00000000a0000000,0x00000000a0a47370,0x00000000a6e80000)
 Metaspace       used 31598K, capacity 31990K, committed 32512K, reserved 1077248K
  class space    used 4351K, capacity 4497K, committed 4608K, reserved 1048576K
}
Event: 3.633 GC heap before
{Heap before GC invocations=7 (full 1):
 PSYoungGen      total 76288K, used 57443K [0x00000000e0000000, 0x00000000e7580000, 0x0000000100000000)
  eden space 65536K, 74% used [0x00000000e0000000,0x00000000e2fe8430,0x00000000e4000000)
  from space 10752K, 78% used [0x00000000e4000000,0x00000000e4830ad8,0x00000000e4a80000)
  to   space 12288K, 0% used [0x00000000e6980000,0x00000000e6980000,0x00000000e7580000)
 ParOldGen       total 113152K, used 10524K [0x00000000a0000000, 0x00000000a6e80000, 0x00000000e0000000)
  object space 113152K, 9% used [0x00000000a0000000,0x00000000a0a47370,0x00000000a6e80000)
 Metaspace       used 34629K, capacity 35288K, committed 35416K, reserved 1079296K
  class space    used 4790K, capacity 4987K, committed 4992K, reserved 1048576K
Event: 3.640 GC heap after
Heap after GC invocations=7 (full 1):
 PSYoungGen      total 108032K, used 10284K [0x00000000e0000000, 0x00000000e7680000, 0x0000000100000000)
  eden space 95744K, 0% used [0x00000000e0000000,0x00000000e0000000,0x00000000e5d80000)
  from space 12288K, 83% used [0x00000000e6980000,0x00000000e738b060,0x00000000e7580000)
  to   space 12288K, 0% used [0x00000000e5d80000,0x00000000e5d80000,0x00000000e6980000)
 ParOldGen       total 113152K, used 10532K [0x00000000a0000000, 0x00000000a6e80000, 0x00000000e0000000)
  object space 113152K, 9% used [0x00000000a0000000,0x00000000a0a49370,0x00000000a6e80000)
 Metaspace       used 34629K, capacity 35288K, committed 35416K, reserved 1079296K
  class space    used 4790K, capacity 4987K, committed 4992K, reserved 1048576K
}
Event: 3.640 GC heap before
{Heap before GC invocations=8 (full 2):
 PSYoungGen      total 108032K, used 10284K [0x00000000e0000000, 0x00000000e7680000, 0x0000000100000000)
  eden space 95744K, 0% used [0x00000000e0000000,0x00000000e0000000,0x00000000e5d80000)
  from space 12288K, 83% used [0x00000000e6980000,0x00000000e738b060,0x00000000e7580000)
  to   space 12288K, 0% used [0x00000000e5d80000,0x00000000e5d80000,0x00000000e6980000)
 ParOldGen       total 113152K, used 10532K [0x00000000a0000000, 0x00000000a6e80000, 0x00000000e0000000)
  object space 113152K, 9% used [0x00000000a0000000,0x00000000a0a49370,0x00000000a6e80000)
 Metaspace       used 34629K, capacity 35288K, committed 35416K, reserved 1079296K
  class space    used 4790K, capacity 4987K, committed 4992K, reserved 1048576K
Event: 3.674 GC heap after
Heap after GC invocations=8 (full 2):
 PSYoungGen      total 108032K, used 0K [0x00000000e0000000, 0x00000000e7680000, 0x0000000100000000)
  eden space 95744K, 0% used [0x00000000e0000000,0x00000000e0000000,0x00000000e5d80000)
  from space 12288K, 0% used [0x00000000e6980000,0x00000000e6980000,0x00000000e7580000)
  to   space 12288K, 0% used [0x00000000e5d80000,0x00000000e5d80000,0x00000000e6980000)
 ParOldGen       total 185344K, used 17127K [0x00000000a0000000, 0x00000000ab500000, 0x00000000e0000000)
  object space 185344K, 9% used [0x00000000a0000000,0x00000000a10b9c60,0x00000000ab500000)
 Metaspace       used 34592K, capacity 35162K, committed 35416K, reserved 1079296K
  class space    used 4778K, capacity 4966K, committed 4992K, reserved 1048576K
}
Event: 4.452 GC heap before
{Heap before GC invocations=9 (full 2):
 PSYoungGen      total 108032K, used 95744K [0x00000000e0000000, 0x00000000e7680000, 0x0000000100000000)
  eden space 95744K, 100% used [0x00000000e0000000,0x00000000e5d80000,0x00000000e5d80000)
  from space 12288K, 0% used [0x00000000e6980000,0x00000000e6980000,0x00000000e7580000)
  to   space 12288K, 0% used [0x00000000e5d80000,0x00000000e5d80000,0x00000000e6980000)
 ParOldGen       total 185344K, used 17127K [0x00000000a0000000, 0x00000000ab500000, 0x00000000e0000000)
  object space 185344K, 9% used [0x00000000a0000000,0x00000000a10b9c60,0x00000000ab500000)
 Metaspace       used 43892K, capacity 44696K, committed 45016K, reserved 1087488K
  class space    used 5904K, capacity 6118K, committed 6144K, reserved 1048576K
Event: 4.459 GC heap after
Heap after GC invocations=9 (full 2):
 PSYoungGen      total 108032K, used 12268K [0x00000000e0000000, 0x00000000e9a00000, 0x0000000100000000)
  eden space 95744K, 0% used [0x00000000e0000000,0x00000000e0000000,0x00000000e5d80000)
  from space 12288K, 99% used [0x00000000e5d80000,0x00000000e697b380,0x00000000e6980000)
  to   space 13824K, 0% used [0x00000000e8c80000,0x00000000e8c80000,0x00000000e9a00000)
 ParOldGen       total 185344K, used 17883K [0x00000000a0000000, 0x00000000ab500000, 0x00000000e0000000)
  object space 185344K, 9% used [0x00000000a0000000,0x00000000a1176e10,0x00000000ab500000)
 Metaspace       used 43892K, capacity 44696K, committed 45016K, reserved 1087488K
  class space    used 5904K, capacity 6118K, committed 6144K, reserved 1048576K
}

